Start auto log messages stack - Iteration 1.	[MsgId: MMSG-10545]
Start auto log messages stack - Iteration 1.	[MsgId: MMSG-10545]
Customer.c(3): Registering web_reg_save_param_json was successful  	[MsgId: MMSG-26390]
Customer.c(10): web_add_header("Authorization") started  	[MsgId: MMSG-26355]
Customer.c(10): Warning -26593: The header being added may cause unpredictable results if applied to ALL the URLs generated on behalf of the next script function. It will apply to the primary URL only.  	[MsgId: MWAR-26593]
Customer.c(10): web_add_header("Authorization") highest severity level was "warning"  	[MsgId: MMSG-26391]
Customer.c(11): web_add_header("Accept") started  	[MsgId: MMSG-26355]
Customer.c(11): web_add_header("Accept") was successful  	[MsgId: MMSG-26392]
Customer.c(13): Message id [-17999] was not saved - Auto Log cache is too small to contain the message.	[MsgId: MMSG-10547]
Customer.c(17): web_url("Customer_API") started  	[MsgId: MMSG-26355]
Customer.c(17): Error -26607: HTTP Status-Code=504 (Gateway Timeout) for "https://qa.api.edp.henryschein.com/api/customers/3895180"  	[MsgId: MERR-26607]
End auto log messages stack.	[MsgId: MMSG-10544]


Customer.c(3): Registering web_reg_save_param_json was successful  	[MsgId: MMSG-26390]
Customer.c(10): web_add_header("Authorization") started  	[MsgId: MMSG-26355]
Customer.c(10): Warning -26593: The header being added may cause unpredictable results if applied to ALL the URLs generated on behalf of the next script function. It will apply to the primary URL only.  	[MsgId: MWAR-26593]
Customer.c(10): web_add_header("Authorization") highest severity level was "warning"  	[MsgId: MMSG-26391]
Customer.c(11): web_add_header("Accept") started  	[MsgId: MMSG-26355]
Customer.c(11): web_add_header("Accept") was successful  	[MsgId: MMSG-26392]
Customer.c(13): Message id [-17999] was not saved - Auto Log cache is too small to contain the message.	[MsgId: MMSG-10547]
Customer.c(17): web_url("Customer_API") started  	[MsgId: MMSG-26355]
Customer.c(17): Error -26607: HTTP Status-Code=504 (Gateway Timeout) for "https://qa.api.edp.henryschein.com/api/customers/3895180"  	[MsgId: MERR-26607]
End auto log messages stack.	[MsgId: MMSG-10544]


Start auto log messages stack - Iteration 1.	[MsgId: MMSG-10545]
Customer.c(3): Registering web_reg_save_param_json was successful  	[MsgId: MMSG-26390]
Customer.c(10): web_add_header("Authorization") started  	[MsgId: MMSG-26355]
Customer.c(10): Warning -26593: The header being added may cause unpredictable results if applied to ALL the URLs generated on behalf of the next script function. It will apply to the primary URL only.  	[MsgId: MWAR-26593]
Customer.c(10): web_add_header("Authorization") highest severity level was "warning"  	[MsgId: MMSG-26391]
Customer.c(11): web_add_header("Accept") started  	[MsgId: MMSG-26355]
Customer.c(11): web_add_header("Accept") was successful  	[MsgId: MMSG-26392]
Customer.c(13): Message id [-17999] was not saved - Auto Log cache is too small to contain the message.	[MsgId: MMSG-10547]
Customer.c(17): web_url("Customer_API") started  	[MsgId: MMSG-26355]
Customer.c(17): Error -26607: HTTP Status-Code=504 (Gateway Timeout) for "https://qa.api.edp.henryschein.com/api/customers/3895180"  	[MsgId: MERR-26607]
End auto log messages stack.	[MsgId: MMSG-10544]


Start auto log messages stack - Iteration 1.	[MsgId: MMSG-10545]
Customer.c(3): Registering web_reg_save_param_json was successful  	[MsgId: MMSG-26390]
Customer.c(10): web_add_header("Authorization") started  	[MsgId: MMSG-26355]
Customer.c(10): Warning -26593: The header being added may cause unpredictable results if applied to ALL the URLs generated on behalf of the next script function. It will apply to the primary URL only.  	[MsgId: MWAR-26593]
Customer.c(10): web_add_header("Authorization") highest severity level was "warning"  	[MsgId: MMSG-26391]
Customer.c(11): web_add_header("Accept") started  	[MsgId: MMSG-26355]
Customer.c(11): web_add_header("Accept") was successful  	[MsgId: MMSG-26392]
Customer.c(13): Message id [-17999] was not saved - Auto Log cache is too small to contain the message.	[MsgId: MMSG-10547]
Customer.c(17): web_url("Customer_API") started  	[MsgId: MMSG-26355]
Customer.c(17): Error -26607: HTTP Status-Code=504 (Gateway Timeout) for "https://qa.api.edp.henryschein.com/api/customers/3895180"  	[MsgId: MERR-26607]
End auto log messages stack.	[MsgId: MMSG-10544]


Start auto log messages stack - Iteration 1.	[MsgId: MMSG-10545]
Customer.c(3): Registering web_reg_save_param_json was successful  	[MsgId: MMSG-26390]
Customer.c(10): web_add_header("Authorization") started  	[MsgId: MMSG-26355]
Customer.c(10): Warning -26593: The header being added may cause unpredictable results if applied to ALL the URLs generated on behalf of the next script function. It will apply to the primary URL only.  	[MsgId: MWAR-26593]
Customer.c(10): web_add_header("Authorization") highest severity level was "warning"  	[MsgId: MMSG-26391]
Customer.c(11): web_add_header("Accept") started  	[MsgId: MMSG-26355]
Customer.c(11): web_add_header("Accept") was successful  	[MsgId: MMSG-26392]
Customer.c(13): Message id [-17999] was not saved - Auto Log cache is too small to contain the message.	[MsgId: MMSG-10547]
Customer.c(17): web_url("Customer_API") started  	[MsgId: MMSG-26355]
Customer.c(17): Error -26607: HTTP Status-Code=504 (Gateway Timeout) for "https://qa.api.edp.henryschein.com/api/customers/3895180"  	[MsgId: MERR-26607]
End auto log messages stack.	[MsgId: MMSG-10544]


